# JRE version: OpenJDK Runtime Environment Temurin-21.0.7+6 (21.0.7+6) (build 21.0.7+6-LTS)
# Java VM: OpenJDK 64-Bit Server VM Temurin-21.0.7+6 (21.0.7+6-LTS, mixed mode, sharing, tiered, compressed oops, compressed class ptrs, parallel gc, windows-amd64)
GC Precious Log:
 CardTable entry size: 512
 CPUs: 8 total, 8 available
 Memory: 7929M
 Large Page Support: Disabled
 NUMA Support: Disabled
 Compressed Oops: Enabled (32-bit)
 Alignments: Space 512K, Generation 512K, Heap 2M
 Heap Min Capacity: 100M
 Heap Initial Capacity: 100M
 Heap Max Capacity: 1G
 Pre-touch: Disabled
 Parallel Workers: 8
Heap:
 PSYoungGen      total 4608K, used 4319K [0x00000000eab00000, 0x00000000eb100000, 0x0000000100000000)
  eden space 4096K, 99% used [0x00000000eab00000,0x00000000eaeffff0,0x00000000eaf00000)
  from space 512K, 43% used [0x00000000eaf00000,0x00000000eaf38000,0x00000000eaf80000)
  to   space 512K, 0% used [0x00000000eb080000,0x00000000eb080000,0x00000000eb100000)
 ParOldGen       total 699392K, used 695714K [0x00000000c0000000, 0x00000000eab00000, 0x00000000eab00000)
  object space 699392K, 99% used [0x00000000c0000000,0x00000000ea7689a8,0x00000000eab00000)
 Metaspace       used 62743K, committed 64320K, reserved 1114112K
  class space    used 6521K, committed 7232K, reserved 1048576K
GC Heap History (20 events):
Event: 28.857 GC heap before
{Heap before GC invocations=766 (full 3):
 PSYoungGen      total 4096K, used 3680K [0x00000000eab00000, 0x00000000eb000000, 0x0000000100000000)
  eden space 3072K, 100% used [0x00000000eab00000,0x00000000eae00000,0x00000000eae00000)
  from space 1024K, 59% used [0x00000000eaf00000,0x00000000eaf98020,0x00000000eb000000)
  to   space 1024K, 0% used [0x00000000eae00000,0x00000000eae00000,0x00000000eaf00000)
 ParOldGen       total 636928K, used 636803K [0x00000000c0000000, 0x00000000e6e00000, 0x00000000eab00000)
  object space 636928K, 99% used [0x00000000c0000000,0x00000000e6de0ce8,0x00000000e6e00000)
 Metaspace       used 62639K, committed 64192K, reserved 1114112K
  class space    used 6516K, committed 7232K, reserved 1048576K
}
Event: 28.860 GC heap after
{Heap after GC invocations=766 (full 3):
 PSYoungGen      total 4096K, used 400K [0x00000000eab00000, 0x00000000eaf80000, 0x0000000100000000)
  eden space 3072K, 0% used [0x00000000eab00000,0x00000000eab00000,0x00000000eae00000)
  from space 1024K, 39% used [0x00000000eae00000,0x00000000eae64148,0x00000000eaf00000)
  to   space 512K, 0% used [0x00000000eaf00000,0x00000000eaf00000,0x00000000eaf80000)
 ParOldGen       total 638976K, used 638590K [0x00000000c0000000, 0x00000000e7000000, 0x00000000eab00000)
  object space 638976K, 99% used [0x00000000c0000000,0x00000000e6f9fa38,0x00000000e7000000)
 Metaspace       used 62639K, committed 64192K, reserved 1114112K
  class space    used 6516K, committed 7232K, reserved 1048576K
}
Event: 28.885 GC heap before
{Heap before GC invocations=767 (full 3):
 PSYoungGen      total 4096K, used 3472K [0x00000000eab00000, 0x00000000eaf80000, 0x0000000100000000)
  eden space 3072K, 100% used [0x00000000eab00000,0x00000000eae00000,0x00000000eae00000)
  from space 1024K, 39% used [0x00000000eae00000,0x00000000eae64148,0x00000000eaf00000)
  to   space 512K, 0% used [0x00000000eaf00000,0x00000000eaf00000,0x00000000eaf80000)
 ParOldGen       total 638976K, used 638590K [0x00000000c0000000, 0x00000000e7000000, 0x00000000eab00000)
  object space 638976K, 99% used [0x00000000c0000000,0x00000000e6f9fa38,0x00000000e7000000)
 Metaspace       used 62664K, committed 64256K, reserved 1114112K
  class space    used 6517K, committed 7232K, reserved 1048576K
}
Event: 28.888 GC heap after
{Heap after GC invocations=767 (full 3):
 PSYoungGen      total 3584K, used 384K [0x00000000eab00000, 0x00000000eaf80000, 0x0000000100000000)
  eden space 3072K, 0% used [0x00000000eab00000,0x00000000eab00000,0x00000000eae00000)
  from space 512K, 75% used [0x00000000eaf00000,0x00000000eaf60000,0x00000000eaf80000)
  to   space 512K, 0% used [0x00000000eae80000,0x00000000eae80000,0x00000000eaf00000)
 ParOldGen       total 638976K, used 638821K [0x00000000c0000000, 0x00000000e7000000, 0x00000000eab00000)
  object space 638976K, 99% used [0x00000000c0000000,0x00000000e6fd96d0,0x00000000e7000000)
 Metaspace       used 62664K, committed 64256K, reserved 1114112K
  class space    used 6517K, committed 7232K, reserved 1048576K
}
Event: 28.910 GC heap before
{Heap before GC invocations=768 (full 3):
 PSYoungGen      total 3584K, used 3456K [0x00000000eab00000, 0x00000000eaf80000, 0x0000000100000000)
  eden space 3072K, 100% used [0x00000000eab00000,0x00000000eae00000,0x00000000eae00000)
  from space 512K, 75% used [0x00000000eaf00000,0x00000000eaf60000,0x00000000eaf80000)
  to   space 512K, 0% used [0x00000000eae80000,0x00000000eae80000,0x00000000eaf00000)
 ParOldGen       total 638976K, used 638821K [0x00000000c0000000, 0x00000000e7000000, 0x00000000eab00000)
  object space 638976K, 99% used [0x00000000c0000000,0x00000000e6fd96d0,0x00000000e7000000)
 Metaspace       used 62666K, committed 64256K, reserved 1114112K
  class space    used 6517K, committed 7232K, reserved 1048576K
}
Event: 28.913 GC heap after
{Heap after GC invocations=768 (full 3):
 PSYoungGen      total 3584K, used 384K [0x00000000eab00000, 0x00000000eaf80000, 0x0000000100000000)
  eden space 3072K, 0% used [0x00000000eab00000,0x00000000eab00000,0x00000000eae00000)
  from space 512K, 75% used [0x00000000eae80000,0x00000000eaee0020,0x00000000eaf00000)
  to   space 512K, 0% used [0x00000000eaf00000,0x00000000eaf00000,0x00000000eaf80000)
 ParOldGen       total 638976K, used 638925K [0x00000000c0000000, 0x00000000e7000000, 0x00000000eab00000)
  object space 638976K, 99% used [0x00000000c0000000,0x00000000e6ff36d0,0x00000000e7000000)
 Metaspace       used 62666K, committed 64256K, reserved 1114112K
  class space    used 6517K, committed 7232K, reserved 1048576K
}
Event: 28.922 GC heap before
{Heap before GC invocations=769 (full 3):
 PSYoungGen      total 3584K, used 3238K [0x00000000eab00000, 0x00000000eaf80000, 0x0000000100000000)
  eden space 3072K, 92% used [0x00000000eab00000,0x00000000eadc9a58,0x00000000eae00000)
  from space 512K, 75% used [0x00000000eae80000,0x00000000eaee0020,0x00000000eaf00000)
  to   space 512K, 0% used [0x00000000eaf00000,0x00000000eaf00000,0x00000000eaf80000)
 ParOldGen       total 638976K, used 638925K [0x00000000c0000000, 0x00000000e7000000, 0x00000000eab00000)
  object space 638976K, 99% used [0x00000000c0000000,0x00000000e6ff36d0,0x00000000e7000000)
 Metaspace       used 62673K, committed 64256K, reserved 1114112K
  class space    used 6518K, committed 7232K, reserved 1048576K
}
Event: 28.925 GC heap after
{Heap after GC invocations=769 (full 3):
 PSYoungGen      total 3584K, used 375K [0x00000000eab00000, 0x00000000eaf80000, 0x0000000100000000)
  eden space 3072K, 0% used [0x00000000eab00000,0x00000000eab00000,0x00000000eae00000)
  from space 512K, 73% used [0x00000000eaf00000,0x00000000eaf5ded0,0x00000000eaf80000)
  to   space 512K, 0% used [0x00000000eae80000,0x00000000eae80000,0x00000000eaf00000)
 ParOldGen       total 640512K, used 640503K [0x00000000c0000000, 0x00000000e7180000, 0x00000000eab00000)
  object space 640512K, 99% used [0x00000000c0000000,0x00000000e717de70,0x00000000e7180000)
 Metaspace       used 62673K, committed 64256K, reserved 1114112K
  class space    used 6518K, committed 7232K, reserved 1048576K
}
Event: 28.930 GC heap before
{Heap before GC invocations=770 (full 3):
 PSYoungGen      total 3584K, used 3447K [0x00000000eab00000, 0x00000000eaf80000, 0x0000000100000000)
  eden space 3072K, 100% used [0x00000000eab00000,0x00000000eae00000,0x00000000eae00000)
  from space 512K, 73% used [0x00000000eaf00000,0x00000000eaf5ded0,0x00000000eaf80000)
  to   space 512K, 0% used [0x00000000eae80000,0x00000000eae80000,0x00000000eaf00000)
 ParOldGen       total 640512K, used 640505K [0x00000000c0000000, 0x00000000e7180000, 0x00000000eab00000)
  object space 640512K, 99% used [0x00000000c0000000,0x00000000e717e6c8,0x00000000e7180000)
 Metaspace       used 62675K, committed 64256K, reserved 1114112K
  class space    used 6518K, committed 7232K, reserved 1048576K
}
Event: 28.934 GC heap after
{Heap after GC invocations=770 (full 3):
 PSYoungGen      total 4096K, used 342K [0x00000000eab00000, 0x00000000eb000000, 0x0000000100000000)
  eden space 3584K, 0% used [0x00000000eab00000,0x00000000eab00000,0x00000000eae80000)
  from space 512K, 66% used [0x00000000eae80000,0x00000000eaed5860,0x00000000eaf00000)
  to   space 512K, 0% used [0x00000000eaf80000,0x00000000eaf80000,0x00000000eb000000)
 ParOldGen       total 643072K, used 643039K [0x00000000c0000000, 0x00000000e7400000, 0x00000000eab00000)
  object space 643072K, 99% used [0x00000000c0000000,0x00000000e73f7fc8,0x00000000e7400000)
 Metaspace       used 62675K, committed 64256K, reserved 1114112K
  class space    used 6518K, committed 7232K, reserved 1048576K
}
Event: 28.948 GC heap before
{Heap before GC invocations=771 (full 3):
 PSYoungGen      total 4096K, used 3926K [0x00000000eab00000, 0x00000000eb000000, 0x0000000100000000)
  eden space 3584K, 100% used [0x00000000eab00000,0x00000000eae80000,0x00000000eae80000)
  from space 512K, 66% used [0x00000000eae80000,0x00000000eaed5860,0x00000000eaf00000)
  to   space 512K, 0% used [0x00000000eaf80000,0x00000000eaf80000,0x00000000eb000000)
 ParOldGen       total 645120K, used 644956K [0x00000000c0000000, 0x00000000e7600000, 0x00000000eab00000)
  object space 645120K, 99% used [0x00000000c0000000,0x00000000e75d73f0,0x00000000e7600000)
 Metaspace       used 62676K, committed 64256K, reserved 1114112K
  class space    used 6518K, committed 7232K, reserved 1048576K
}
Event: 28.951 GC heap after
{Heap after GC invocations=771 (full 3):
 PSYoungGen      total 4608K, used 288K [0x00000000eab00000, 0x00000000eb080000, 0x0000000100000000)
  eden space 4096K, 0% used [0x00000000eab00000,0x00000000eab00000,0x00000000eaf00000)
  from space 512K, 56% used [0x00000000eaf80000,0x00000000eafc8000,0x00000000eb000000)
  to   space 512K, 0% used [0x00000000eaf00000,0x00000000eaf00000,0x00000000eaf80000)
 ParOldGen       total 645120K, used 644996K [0x00000000c0000000, 0x00000000e7600000, 0x00000000eab00000)
  object space 645120K, 99% used [0x00000000c0000000,0x00000000e75e13f0,0x00000000e7600000)
 Metaspace       used 62676K, committed 64256K, reserved 1114112K
  class space    used 6518K, committed 7232K, reserved 1048576K
}
Event: 28.966 GC heap before
{Heap before GC invocations=772 (full 3):
 PSYoungGen      total 4608K, used 4384K [0x00000000eab00000, 0x00000000eb080000, 0x0000000100000000)
  eden space 4096K, 100% used [0x00000000eab00000,0x00000000eaf00000,0x00000000eaf00000)
  from space 512K, 56% used [0x00000000eaf80000,0x00000000eafc8000,0x00000000eb000000)
  to   space 512K, 0% used [0x00000000eaf00000,0x00000000eaf00000,0x00000000eaf80000)
 ParOldGen       total 649216K, used 648827K [0x00000000c0000000, 0x00000000e7a00000, 0x00000000eab00000)
  object space 649216K, 99% used [0x00000000c0000000,0x00000000e799ee10,0x00000000e7a00000)
 Metaspace       used 62676K, committed 64256K, reserved 1114112K
  class space    used 6518K, committed 7232K, reserved 1048576K
}
Event: 28.969 GC heap after
{Heap after GC invocations=772 (full 3):
 PSYoungGen      total 4608K, used 493K [0x00000000eab00000, 0x00000000eb180000, 0x0000000100000000)
  eden space 4096K, 0% used [0x00000000eab00000,0x00000000eab00000,0x00000000eaf00000)
  from space 512K, 96% used [0x00000000eaf00000,0x00000000eaf7b558,0x00000000eaf80000)
  to   space 1024K, 0% used [0x00000000eb080000,0x00000000eb080000,0x00000000eb180000)
 ParOldGen       total 649216K, used 648963K [0x00000000c0000000, 0x00000000e7a00000, 0x00000000eab00000)
  object space 649216K, 99% used [0x00000000c0000000,0x00000000e79c0e10,0x00000000e7a00000)
 Metaspace       used 62676K, committed 64256K, reserved 1114112K
  class space    used 6518K, committed 7232K, reserved 1048576K
}
Event: 28.984 GC heap before
{Heap before GC invocations=773 (full 3):
 PSYoungGen      total 4608K, used 4589K [0x00000000eab00000, 0x00000000eb180000, 0x0000000100000000)
  eden space 4096K, 100% used [0x00000000eab00000,0x00000000eaf00000,0x00000000eaf00000)
  from space 512K, 96% used [0x00000000eaf00000,0x00000000eaf7b558,0x00000000eaf80000)
  to   space 1024K, 0% used [0x00000000eb080000,0x00000000eb080000,0x00000000eb180000)
 ParOldGen       total 656896K, used 656660K [0x00000000c0000000, 0x00000000e8180000, 0x00000000eab00000)
  object space 656896K, 99% used [0x00000000c0000000,0x00000000e81452a0,0x00000000e8180000)
 Metaspace       used 62676K, committed 64256K, reserved 1114112K
  class space    used 6518K, committed 7232K, reserved 1048576K
}
Event: 28.987 GC heap after
{Heap after GC invocations=773 (full 3):
 PSYoungGen      total 4608K, used 256K [0x00000000eab00000, 0x00000000eb100000, 0x0000000100000000)
  eden space 4096K, 0% used [0x00000000eab00000,0x00000000eab00000,0x00000000eaf00000)
  from space 512K, 50% used [0x00000000eb080000,0x00000000eb0c0000,0x00000000eb100000)
  to   space 512K, 0% used [0x00000000eaf00000,0x00000000eaf00000,0x00000000eaf80000)
 ParOldGen       total 657408K, used 657015K [0x00000000c0000000, 0x00000000e8200000, 0x00000000eab00000)
  object space 657408K, 99% used [0x00000000c0000000,0x00000000e819df58,0x00000000e8200000)
 Metaspace       used 62676K, committed 64256K, reserved 1114112K
  class space    used 6518K, committed 7232K, reserved 1048576K
}
Event: 29.003 GC heap before
{Heap before GC invocations=774 (full 3):
 PSYoungGen      total 4608K, used 4352K [0x00000000eab00000, 0x00000000eb100000, 0x0000000100000000)
  eden space 4096K, 100% used [0x00000000eab00000,0x00000000eaf00000,0x00000000eaf00000)
  from space 512K, 50% used [0x00000000eb080000,0x00000000eb0c0000,0x00000000eb100000)
  to   space 512K, 0% used [0x00000000eaf00000,0x00000000eaf00000,0x00000000eaf80000)
 ParOldGen       total 657408K, used 657015K [0x00000000c0000000, 0x00000000e8200000, 0x00000000eab00000)
  object space 657408K, 99% used [0x00000000c0000000,0x00000000e819df58,0x00000000e8200000)
 Metaspace       used 62678K, committed 64256K, reserved 1114112K
  class space    used 6518K, committed 7232K, reserved 1048576K
}
Event: 29.007 GC heap after
{Heap after GC invocations=774 (full 3):
 PSYoungGen      total 4608K, used 324K [0x00000000eab00000, 0x00000000eb100000, 0x0000000100000000)
  eden space 4096K, 0% used [0x00000000eab00000,0x00000000eab00000,0x00000000eaf00000)
  from space 512K, 63% used [0x00000000eaf00000,0x00000000eaf511f8,0x00000000eaf80000)
  to   space 512K, 0% used [0x00000000eb080000,0x00000000eb080000,0x00000000eb100000)
 ParOldGen       total 657408K, used 657127K [0x00000000c0000000, 0x00000000e8200000, 0x00000000eab00000)
  object space 657408K, 99% used [0x00000000c0000000,0x00000000e81b9f58,0x00000000e8200000)
 Metaspace       used 62678K, committed 64256K, reserved 1114112K
  class space    used 6518K, committed 7232K, reserved 1048576K
}
Event: 29.020 GC heap before
{Heap before GC invocations=775 (full 3):
 PSYoungGen      total 4608K, used 4420K [0x00000000eab00000, 0x00000000eb100000, 0x0000000100000000)
  eden space 4096K, 100% used [0x00000000eab00000,0x00000000eaf00000,0x00000000eaf00000)
  from space 512K, 63% used [0x00000000eaf00000,0x00000000eaf511f8,0x00000000eaf80000)
  to   space 512K, 0% used [0x00000000eb080000,0x00000000eb080000,0x00000000eb100000)
 ParOldGen       total 657408K, used 657147K [0x00000000c0000000, 0x00000000e8200000, 0x00000000eab00000)
  object space 657408K, 99% used [0x00000000c0000000,0x00000000e81bed38,0x00000000e8200000)
 Metaspace       used 62679K, committed 64256K, reserved 1114112K
  class space    used 6518K, committed 7232K, reserved 1048576K
}
Event: 29.022 GC heap after
{Heap after GC invocations=775 (full 3):
 PSYoungGen      total 4608K, used 387K [0x00000000eab00000, 0x00000000eb100000, 0x0000000100000000)
  eden space 4096K, 0% used [0x00000000eab00000,0x00000000eab00000,0x00000000eaf00000)
  from space 512K, 75% used [0x00000000eb080000,0x00000000eb0e0d68,0x00000000eb100000)
  to   space 512K, 0% used [0x00000000eaf00000,0x00000000eaf00000,0x00000000eaf80000)
 ParOldGen       total 657408K, used 657406K [0x00000000c0000000, 0x00000000e8200000, 0x00000000eab00000)
  object space 657408K, 99% used [0x00000000c0000000,0x00000000e81ffaa0,0x00000000e8200000)
 Metaspace       used 62679K, committed 64256K, reserved 1114112K
  class space    used 6518K, committed 7232K, reserved 1048576K
}

