# JRE version: OpenJDK Runtime Environment Temurin-21.0.7+6 (21.0.7+6) (build 21.0.7+6-LTS)
# Java VM: OpenJDK 64-Bit Server VM Temurin-21.0.7+6 (21.0.7+6-LTS, mixed mode, sharing, tiered, compressed oops, compressed class ptrs, parallel gc, windows-amd64)
GC Precious Log:
 CardTable entry size: 512
 CPUs: 8 total, 8 available
 Memory: 7929M
 Large Page Support: Disabled
 NUMA Support: Disabled
 Compressed Oops: Enabled (32-bit)
 Alignments: Space 512K, Generation 512K, Heap 2M
 Heap Min Capacity: 100M
 Heap Initial Capacity: 100M
 Heap Max Capacity: 1G
 Pre-touch: Disabled
 Parallel Workers: 8
Heap:
 PSYoungGen      total 3584K, used 3515K [0x00000000eab00000, 0x00000000eb000000, 0x0000000100000000)
  eden space 3072K, 100% used [0x00000000eab00000,0x00000000eae00000,0x00000000eae00000)
  from space 512K, 86% used [0x00000000eaf00000,0x00000000eaf6ec08,0x00000000eaf80000)
  to   space 512K, 0% used [0x00000000eaf80000,0x00000000eaf80000,0x00000000eb000000)
 ParOldGen       total 553984K, used 553472K [0x00000000c0000000, 0x00000000e1d00000, 0x00000000eab00000)
  object space 553984K, 99% used [0x00000000c0000000,0x00000000e1c802e8,0x00000000e1d00000)
 Metaspace       used 59031K, committed 60480K, reserved 1114112K
  class space    used 6140K, committed 6784K, reserved 1048576K
GC Heap History (20 events):
Event: 28.189 GC heap before
{Heap before GC invocations=748 (full 3):
 PSYoungGen      total 5120K, used 4640K [0x00000000eab00000, 0x00000000eb100000, 0x0000000100000000)
  eden space 4096K, 100% used [0x00000000eab00000,0x00000000eaf00000,0x00000000eaf00000)
  from space 1024K, 53% used [0x00000000eb000000,0x00000000eb088000,0x00000000eb100000)
  to   space 1024K, 0% used [0x00000000eaf00000,0x00000000eaf00000,0x00000000eb000000)
 ParOldGen       total 545792K, used 545449K [0x00000000c0000000, 0x00000000e1500000, 0x00000000eab00000)
  object space 545792K, 99% used [0x00000000c0000000,0x00000000e14aa520,0x00000000e1500000)
 Metaspace       used 59030K, committed 60480K, reserved 1114112K
  class space    used 6140K, committed 6784K, reserved 1048576K
}
Event: 28.192 GC heap after
{Heap after GC invocations=748 (full 3):
 PSYoungGen      total 5120K, used 672K [0x00000000eab00000, 0x00000000eb100000, 0x0000000100000000)
  eden space 4096K, 0% used [0x00000000eab00000,0x00000000eab00000,0x00000000eaf00000)
  from space 1024K, 65% used [0x00000000eaf00000,0x00000000eafa8288,0x00000000eb000000)
  to   space 1024K, 0% used [0x00000000eb000000,0x00000000eb000000,0x00000000eb100000)
 ParOldGen       total 546304K, used 545865K [0x00000000c0000000, 0x00000000e1580000, 0x00000000eab00000)
  object space 546304K, 99% used [0x00000000c0000000,0x00000000e1512520,0x00000000e1580000)
 Metaspace       used 59030K, committed 60480K, reserved 1114112K
  class space    used 6140K, committed 6784K, reserved 1048576K
}
Event: 28.199 GC heap before
{Heap before GC invocations=749 (full 3):
 PSYoungGen      total 5120K, used 4768K [0x00000000eab00000, 0x00000000eb100000, 0x0000000100000000)
  eden space 4096K, 100% used [0x00000000eab00000,0x00000000eaf00000,0x00000000eaf00000)
  from space 1024K, 65% used [0x00000000eaf00000,0x00000000eafa8288,0x00000000eb000000)
  to   space 1024K, 0% used [0x00000000eb000000,0x00000000eb000000,0x00000000eb100000)
 ParOldGen       total 546304K, used 545865K [0x00000000c0000000, 0x00000000e1580000, 0x00000000eab00000)
  object space 546304K, 99% used [0x00000000c0000000,0x00000000e1512520,0x00000000e1580000)
 Metaspace       used 59030K, committed 60480K, reserved 1114112K
  class space    used 6140K, committed 6784K, reserved 1048576K
}
Event: 28.201 GC heap after
{Heap after GC invocations=749 (full 3):
 PSYoungGen      total 5120K, used 512K [0x00000000eab00000, 0x00000000eb100000, 0x0000000100000000)
  eden space 4096K, 0% used [0x00000000eab00000,0x00000000eab00000,0x00000000eaf00000)
  from space 1024K, 50% used [0x00000000eb000000,0x00000000eb080000,0x00000000eb100000)
  to   space 1024K, 0% used [0x00000000eaf00000,0x00000000eaf00000,0x00000000eb000000)
 ParOldGen       total 546816K, used 546340K [0x00000000c0000000, 0x00000000e1600000, 0x00000000eab00000)
  object space 546816K, 99% used [0x00000000c0000000,0x00000000e1589130,0x00000000e1600000)
 Metaspace       used 59030K, committed 60480K, reserved 1114112K
  class space    used 6140K, committed 6784K, reserved 1048576K
}
Event: 28.211 GC heap before
{Heap before GC invocations=750 (full 3):
 PSYoungGen      total 5120K, used 4608K [0x00000000eab00000, 0x00000000eb100000, 0x0000000100000000)
  eden space 4096K, 100% used [0x00000000eab00000,0x00000000eaf00000,0x00000000eaf00000)
  from space 1024K, 50% used [0x00000000eb000000,0x00000000eb080000,0x00000000eb100000)
  to   space 1024K, 0% used [0x00000000eaf00000,0x00000000eaf00000,0x00000000eb000000)
 ParOldGen       total 546816K, used 546340K [0x00000000c0000000, 0x00000000e1600000, 0x00000000eab00000)
  object space 546816K, 99% used [0x00000000c0000000,0x00000000e1589130,0x00000000e1600000)
 Metaspace       used 59030K, committed 60480K, reserved 1114112K
  class space    used 6140K, committed 6784K, reserved 1048576K
}
Event: 28.212 GC heap after
{Heap after GC invocations=750 (full 3):
 PSYoungGen      total 5120K, used 560K [0x00000000eab00000, 0x00000000eb100000, 0x0000000100000000)
  eden space 4096K, 0% used [0x00000000eab00000,0x00000000eab00000,0x00000000eaf00000)
  from space 1024K, 54% used [0x00000000eaf00000,0x00000000eaf8c380,0x00000000eb000000)
  to   space 1024K, 0% used [0x00000000eb000000,0x00000000eb000000,0x00000000eb100000)
 ParOldGen       total 546816K, used 546764K [0x00000000c0000000, 0x00000000e1600000, 0x00000000eab00000)
  object space 546816K, 99% used [0x00000000c0000000,0x00000000e15f3130,0x00000000e1600000)
 Metaspace       used 59030K, committed 60480K, reserved 1114112K
  class space    used 6140K, committed 6784K, reserved 1048576K
}
Event: 28.223 GC heap before
{Heap before GC invocations=751 (full 3):
 PSYoungGen      total 5120K, used 4656K [0x00000000eab00000, 0x00000000eb100000, 0x0000000100000000)
  eden space 4096K, 100% used [0x00000000eab00000,0x00000000eaf00000,0x00000000eaf00000)
  from space 1024K, 54% used [0x00000000eaf00000,0x00000000eaf8c380,0x00000000eb000000)
  to   space 1024K, 0% used [0x00000000eb000000,0x00000000eb000000,0x00000000eb100000)
 ParOldGen       total 546816K, used 546764K [0x00000000c0000000, 0x00000000e1600000, 0x00000000eab00000)
  object space 546816K, 99% used [0x00000000c0000000,0x00000000e15f3130,0x00000000e1600000)
 Metaspace       used 59030K, committed 60480K, reserved 1114112K
  class space    used 6140K, committed 6784K, reserved 1048576K
}
Event: 28.225 GC heap after
{Heap after GC invocations=751 (full 3):
 PSYoungGen      total 5120K, used 512K [0x00000000eab00000, 0x00000000eb100000, 0x0000000100000000)
  eden space 4096K, 0% used [0x00000000eab00000,0x00000000eab00000,0x00000000eaf00000)
  from space 1024K, 50% used [0x00000000eb000000,0x00000000eb080000,0x00000000eb100000)
  to   space 1024K, 0% used [0x00000000eaf00000,0x00000000eaf00000,0x00000000eb000000)
 ParOldGen       total 547328K, used 547204K [0x00000000c0000000, 0x00000000e1680000, 0x00000000eab00000)
  object space 547328K, 99% used [0x00000000c0000000,0x00000000e1661130,0x00000000e1680000)
 Metaspace       used 59030K, committed 60480K, reserved 1114112K
  class space    used 6140K, committed 6784K, reserved 1048576K
}
Event: 28.233 GC heap before
{Heap before GC invocations=752 (full 3):
 PSYoungGen      total 5120K, used 4608K [0x00000000eab00000, 0x00000000eb100000, 0x0000000100000000)
  eden space 4096K, 100% used [0x00000000eab00000,0x00000000eaf00000,0x00000000eaf00000)
  from space 1024K, 50% used [0x00000000eb000000,0x00000000eb080000,0x00000000eb100000)
  to   space 1024K, 0% used [0x00000000eaf00000,0x00000000eaf00000,0x00000000eb000000)
 ParOldGen       total 547328K, used 547204K [0x00000000c0000000, 0x00000000e1680000, 0x00000000eab00000)
  object space 547328K, 99% used [0x00000000c0000000,0x00000000e1661130,0x00000000e1680000)
 Metaspace       used 59030K, committed 60480K, reserved 1114112K
  class space    used 6140K, committed 6784K, reserved 1048576K
}
Event: 28.235 GC heap after
{Heap after GC invocations=752 (full 3):
 PSYoungGen      total 5120K, used 544K [0x00000000eab00000, 0x00000000eb100000, 0x0000000100000000)
  eden space 4096K, 0% used [0x00000000eab00000,0x00000000eab00000,0x00000000eaf00000)
  from space 1024K, 53% used [0x00000000eaf00000,0x00000000eaf88000,0x00000000eb000000)
  to   space 1024K, 0% used [0x00000000eb000000,0x00000000eb000000,0x00000000eb100000)
 ParOldGen       total 547840K, used 547652K [0x00000000c0000000, 0x00000000e1700000, 0x00000000eab00000)
  object space 547840K, 99% used [0x00000000c0000000,0x00000000e16d1130,0x00000000e1700000)
 Metaspace       used 59030K, committed 60480K, reserved 1114112K
  class space    used 6140K, committed 6784K, reserved 1048576K
}
Event: 28.251 GC heap before
{Heap before GC invocations=753 (full 3):
 PSYoungGen      total 5120K, used 4640K [0x00000000eab00000, 0x00000000eb100000, 0x0000000100000000)
  eden space 4096K, 100% used [0x00000000eab00000,0x00000000eaf00000,0x00000000eaf00000)
  from space 1024K, 53% used [0x00000000eaf00000,0x00000000eaf88000,0x00000000eb000000)
  to   space 1024K, 0% used [0x00000000eb000000,0x00000000eb000000,0x00000000eb100000)
 ParOldGen       total 547840K, used 547652K [0x00000000c0000000, 0x00000000e1700000, 0x00000000eab00000)
  object space 547840K, 99% used [0x00000000c0000000,0x00000000e16d1130,0x00000000e1700000)
 Metaspace       used 59030K, committed 60480K, reserved 1114112K
  class space    used 6140K, committed 6784K, reserved 1048576K
}
Event: 28.253 GC heap after
{Heap after GC invocations=753 (full 3):
 PSYoungGen      total 3584K, used 1008K [0x00000000eab00000, 0x00000000eb400000, 0x0000000100000000)
  eden space 2560K, 0% used [0x00000000eab00000,0x00000000eab00000,0x00000000ead80000)
  from space 1024K, 98% used [0x00000000eb000000,0x00000000eb0fc008,0x00000000eb100000)
  to   space 2560K, 0% used [0x00000000ead80000,0x00000000ead80000,0x00000000eb000000)
 ParOldGen       total 548864K, used 548500K [0x00000000c0000000, 0x00000000e1800000, 0x00000000eab00000)
  object space 548864K, 99% used [0x00000000c0000000,0x00000000e17a53f0,0x00000000e1800000)
 Metaspace       used 59030K, committed 60480K, reserved 1114112K
  class space    used 6140K, committed 6784K, reserved 1048576K
}
Event: 28.282 GC heap before
{Heap before GC invocations=754 (full 3):
 PSYoungGen      total 3584K, used 3551K [0x00000000eab00000, 0x00000000eb400000, 0x0000000100000000)
  eden space 2560K, 99% used [0x00000000eab00000,0x00000000ead7bc30,0x00000000ead80000)
  from space 1024K, 98% used [0x00000000eb000000,0x00000000eb0fc008,0x00000000eb100000)
  to   space 2560K, 0% used [0x00000000ead80000,0x00000000ead80000,0x00000000eb000000)
 ParOldGen       total 548864K, used 548500K [0x00000000c0000000, 0x00000000e1800000, 0x00000000eab00000)
  object space 548864K, 99% used [0x00000000c0000000,0x00000000e17a53f0,0x00000000e1800000)
 Metaspace       used 59030K, committed 60480K, reserved 1114112K
  class space    used 6140K, committed 6784K, reserved 1048576K
}
Event: 28.284 GC heap after
{Heap after GC invocations=754 (full 3):
 PSYoungGen      total 5120K, used 2336K [0x00000000eab00000, 0x00000000eb280000, 0x0000000100000000)
  eden space 2560K, 0% used [0x00000000eab00000,0x00000000eab00000,0x00000000ead80000)
  from space 2560K, 91% used [0x00000000ead80000,0x00000000eafc8300,0x00000000eb000000)
  to   space 2560K, 0% used [0x00000000eb000000,0x00000000eb000000,0x00000000eb280000)
 ParOldGen       total 549376K, used 549355K [0x00000000c0000000, 0x00000000e1880000, 0x00000000eab00000)
  object space 549376K, 99% used [0x00000000c0000000,0x00000000e187ac18,0x00000000e1880000)
 Metaspace       used 59030K, committed 60480K, reserved 1114112K
  class space    used 6140K, committed 6784K, reserved 1048576K
}
Event: 28.359 GC heap before
{Heap before GC invocations=755 (full 3):
 PSYoungGen      total 5120K, used 4896K [0x00000000eab00000, 0x00000000eb280000, 0x0000000100000000)
  eden space 2560K, 100% used [0x00000000eab00000,0x00000000ead80000,0x00000000ead80000)
  from space 2560K, 91% used [0x00000000ead80000,0x00000000eafc8300,0x00000000eb000000)
  to   space 2560K, 0% used [0x00000000eb000000,0x00000000eb000000,0x00000000eb280000)
 ParOldGen       total 549376K, used 549355K [0x00000000c0000000, 0x00000000e1880000, 0x00000000eab00000)
  object space 549376K, 99% used [0x00000000c0000000,0x00000000e187ac18,0x00000000e1880000)
 Metaspace       used 59030K, committed 60480K, reserved 1114112K
  class space    used 6140K, committed 6784K, reserved 1048576K
}
Event: 28.362 GC heap after
{Heap after GC invocations=755 (full 3):
 PSYoungGen      total 4608K, used 1862K [0x00000000eab00000, 0x00000000eb200000, 0x0000000100000000)
  eden space 2560K, 0% used [0x00000000eab00000,0x00000000eab00000,0x00000000ead80000)
  from space 2048K, 90% used [0x00000000eb000000,0x00000000eb1d1a00,0x00000000eb200000)
  to   space 2048K, 0% used [0x00000000eae00000,0x00000000eae00000,0x00000000eb000000)
 ParOldGen       total 550912K, used 550615K [0x00000000c0000000, 0x00000000e1a00000, 0x00000000eab00000)
  object space 550912K, 99% used [0x00000000c0000000,0x00000000e19b5ea0,0x00000000e1a00000)
 Metaspace       used 59030K, committed 60480K, reserved 1114112K
  class space    used 6140K, committed 6784K, reserved 1048576K
}
Event: 28.368 GC heap before
{Heap before GC invocations=756 (full 3):
 PSYoungGen      total 4608K, used 4422K [0x00000000eab00000, 0x00000000eb200000, 0x0000000100000000)
  eden space 2560K, 100% used [0x00000000eab00000,0x00000000ead80000,0x00000000ead80000)
  from space 2048K, 90% used [0x00000000eb000000,0x00000000eb1d1a00,0x00000000eb200000)
  to   space 2048K, 0% used [0x00000000eae00000,0x00000000eae00000,0x00000000eb000000)
 ParOldGen       total 550912K, used 550615K [0x00000000c0000000, 0x00000000e1a00000, 0x00000000eab00000)
  object space 550912K, 99% used [0x00000000c0000000,0x00000000e19b5ea0,0x00000000e1a00000)
 Metaspace       used 59030K, committed 60480K, reserved 1114112K
  class space    used 6140K, committed 6784K, reserved 1048576K
}
Event: 28.372 GC heap after
{Heap after GC invocations=756 (full 3):
 PSYoungGen      total 3072K, used 384K [0x00000000eab00000, 0x00000000eb080000, 0x0000000100000000)
  eden space 2560K, 0% used [0x00000000eab00000,0x00000000eab00000,0x00000000ead80000)
  from space 512K, 75% used [0x00000000eae00000,0x00000000eae60000,0x00000000eae80000)
  to   space 1024K, 0% used [0x00000000eaf80000,0x00000000eaf80000,0x00000000eb080000)
 ParOldGen       total 552448K, used 552371K [0x00000000c0000000, 0x00000000e1b80000, 0x00000000eab00000)
  object space 552448K, 99% used [0x00000000c0000000,0x00000000e1b6cca8,0x00000000e1b80000)
 Metaspace       used 59030K, committed 60480K, reserved 1114112K
  class space    used 6140K, committed 6784K, reserved 1048576K
}
Event: 28.379 GC heap before
{Heap before GC invocations=757 (full 3):
 PSYoungGen      total 3072K, used 2944K [0x00000000eab00000, 0x00000000eb080000, 0x0000000100000000)
  eden space 2560K, 100% used [0x00000000eab00000,0x00000000ead80000,0x00000000ead80000)
  from space 512K, 75% used [0x00000000eae00000,0x00000000eae60000,0x00000000eae80000)
  to   space 1024K, 0% used [0x00000000eaf80000,0x00000000eaf80000,0x00000000eb080000)
 ParOldGen       total 552448K, used 552371K [0x00000000c0000000, 0x00000000e1b80000, 0x00000000eab00000)
  object space 552448K, 99% used [0x00000000c0000000,0x00000000e1b6cca8,0x00000000e1b80000)
 Metaspace       used 59030K, committed 60480K, reserved 1114112K
  class space    used 6140K, committed 6784K, reserved 1048576K
}
Event: 28.381 GC heap after
{Heap after GC invocations=757 (full 3):
 PSYoungGen      total 3072K, used 466K [0x00000000eab00000, 0x00000000eb000000, 0x0000000100000000)
  eden space 2560K, 0% used [0x00000000eab00000,0x00000000eab00000,0x00000000ead80000)
  from space 512K, 91% used [0x00000000eaf80000,0x00000000eaff4a20,0x00000000eb000000)
  to   space 1024K, 0% used [0x00000000eae00000,0x00000000eae00000,0x00000000eaf00000)
 ParOldGen       total 552960K, used 552651K [0x00000000c0000000, 0x00000000e1c00000, 0x00000000eab00000)
  object space 552960K, 99% used [0x00000000c0000000,0x00000000e1bb2ca8,0x00000000e1c00000)
 Metaspace       used 59030K, committed 60480K, reserved 1114112K
  class space    used 6140K, committed 6784K, reserved 1048576K
}

