# JRE version: OpenJDK Runtime Environment Temurin-21.0.7+6 (21.0.7+6) (build 21.0.7+6-LTS)
# Java VM: OpenJDK 64-Bit Server VM Temurin-21.0.7+6 (21.0.7+6-LTS, mixed mode, sharing, tiered, compressed oops, compressed class ptrs, parallel gc, windows-amd64)
GC Precious Log:
 CardTable entry size: 512
 CPUs: 8 total, 8 available
 Memory: 7929M
 Large Page Support: Disabled
 NUMA Support: Disabled
 Compressed Oops: Enabled (32-bit)
 Alignments: Space 512K, Generation 512K, Heap 2M
 Heap Min Capacity: 100M
 Heap Initial Capacity: 100M
 Heap Max Capacity: 1G
 Pre-touch: Disabled
 Parallel Workers: 8
Heap:
 PSYoungGen      total 5632K, used 1932K [0x00000000eab00000, 0x00000000eb180000, 0x0000000100000000)
  eden space 4608K, 23% used [0x00000000eab00000,0x00000000eac0d3e8,0x00000000eaf80000)
  from space 1024K, 83% used [0x00000000eb080000,0x00000000eb156008,0x00000000eb180000)
  to   space 1024K, 0% used [0x00000000eaf80000,0x00000000eaf80000,0x00000000eb080000)
 ParOldGen       total 542208K, used 541985K [0x00000000c0000000, 0x00000000e1180000, 0x00000000eab00000)
  object space 542208K, 99% used [0x00000000c0000000,0x00000000e1148560,0x00000000e1180000)
 Metaspace       used 56226K, committed 57536K, reserved 1114112K
  class space    used 5850K, committed 6400K, reserved 1048576K
GC Heap History (20 events):
Event: 54.823 GC heap before
{Heap before GC invocations=563 (full 2):
 PSYoungGen      total 4608K, used 4320K [0x00000000eab00000, 0x00000000eb080000, 0x0000000100000000)
  eden space 3584K, 100% used [0x00000000eab00000,0x00000000eae80000,0x00000000eae80000)
  from space 1024K, 71% used [0x00000000eaf80000,0x00000000eb038000,0x00000000eb080000)
  to   space 1024K, 0% used [0x00000000eae80000,0x00000000eae80000,0x00000000eaf80000)
 ParOldGen       total 536064K, used 535878K [0x00000000c0000000, 0x00000000e0b80000, 0x00000000eab00000)
  object space 536064K, 99% used [0x00000000c0000000,0x00000000e0b51bd8,0x00000000e0b80000)
 Metaspace       used 56021K, committed 57344K, reserved 1114112K
  class space    used 5819K, committed 6400K, reserved 1048576K
}
Event: 54.826 GC heap after
{Heap after GC invocations=563 (full 2):
 PSYoungGen      total 4608K, used 620K [0x00000000eab00000, 0x00000000eb080000, 0x0000000100000000)
  eden space 3584K, 0% used [0x00000000eab00000,0x00000000eab00000,0x00000000eae80000)
  from space 1024K, 60% used [0x00000000eae80000,0x00000000eaf1b008,0x00000000eaf80000)
  to   space 1024K, 0% used [0x00000000eaf80000,0x00000000eaf80000,0x00000000eb080000)
 ParOldGen       total 536576K, used 536483K [0x00000000c0000000, 0x00000000e0c00000, 0x00000000eab00000)
  object space 536576K, 99% used [0x00000000c0000000,0x00000000e0be8de0,0x00000000e0c00000)
 Metaspace       used 56021K, committed 57344K, reserved 1114112K
  class space    used 5819K, committed 6400K, reserved 1048576K
}
Event: 54.838 GC heap before
{Heap before GC invocations=564 (full 2):
 PSYoungGen      total 4608K, used 4204K [0x00000000eab00000, 0x00000000eb080000, 0x0000000100000000)
  eden space 3584K, 100% used [0x00000000eab00000,0x00000000eae80000,0x00000000eae80000)
  from space 1024K, 60% used [0x00000000eae80000,0x00000000eaf1b008,0x00000000eaf80000)
  to   space 1024K, 0% used [0x00000000eaf80000,0x00000000eaf80000,0x00000000eb080000)
 ParOldGen       total 536576K, used 536483K [0x00000000c0000000, 0x00000000e0c00000, 0x00000000eab00000)
  object space 536576K, 99% used [0x00000000c0000000,0x00000000e0be8de0,0x00000000e0c00000)
 Metaspace       used 56026K, committed 57344K, reserved 1114112K
  class space    used 5819K, committed 6400K, reserved 1048576K
}
Event: 54.841 GC heap after
{Heap after GC invocations=564 (full 2):
 PSYoungGen      total 4608K, used 615K [0x00000000eab00000, 0x00000000eb080000, 0x0000000100000000)
  eden space 3584K, 0% used [0x00000000eab00000,0x00000000eab00000,0x00000000eae80000)
  from space 1024K, 60% used [0x00000000eaf80000,0x00000000eb019e28,0x00000000eb080000)
  to   space 1024K, 0% used [0x00000000eae80000,0x00000000eae80000,0x00000000eaf80000)
 ParOldGen       total 537088K, used 537015K [0x00000000c0000000, 0x00000000e0c80000, 0x00000000eab00000)
  object space 537088K, 99% used [0x00000000c0000000,0x00000000e0c6dde8,0x00000000e0c80000)
 Metaspace       used 56026K, committed 57344K, reserved 1114112K
  class space    used 5819K, committed 6400K, reserved 1048576K
}
Event: 54.849 GC heap before
{Heap before GC invocations=565 (full 2):
 PSYoungGen      total 4608K, used 4199K [0x00000000eab00000, 0x00000000eb080000, 0x0000000100000000)
  eden space 3584K, 100% used [0x00000000eab00000,0x00000000eae80000,0x00000000eae80000)
  from space 1024K, 60% used [0x00000000eaf80000,0x00000000eb019e28,0x00000000eb080000)
  to   space 1024K, 0% used [0x00000000eae80000,0x00000000eae80000,0x00000000eaf80000)
 ParOldGen       total 537088K, used 537015K [0x00000000c0000000, 0x00000000e0c80000, 0x00000000eab00000)
  object space 537088K, 99% used [0x00000000c0000000,0x00000000e0c6dde8,0x00000000e0c80000)
 Metaspace       used 56028K, committed 57344K, reserved 1114112K
  class space    used 5819K, committed 6400K, reserved 1048576K
}
Event: 54.854 GC heap after
{Heap after GC invocations=565 (full 2):
 PSYoungGen      total 4608K, used 640K [0x00000000eab00000, 0x00000000eb180000, 0x0000000100000000)
  eden space 3584K, 0% used [0x00000000eab00000,0x00000000eab00000,0x00000000eae80000)
  from space 1024K, 62% used [0x00000000eae80000,0x00000000eaf20000,0x00000000eaf80000)
  to   space 1024K, 0% used [0x00000000eb080000,0x00000000eb080000,0x00000000eb180000)
 ParOldGen       total 537600K, used 537327K [0x00000000c0000000, 0x00000000e0d00000, 0x00000000eab00000)
  object space 537600K, 99% used [0x00000000c0000000,0x00000000e0cbbde8,0x00000000e0d00000)
 Metaspace       used 56028K, committed 57344K, reserved 1114112K
  class space    used 5819K, committed 6400K, reserved 1048576K
}
Event: 54.863 GC heap before
{Heap before GC invocations=566 (full 2):
 PSYoungGen      total 4608K, used 4224K [0x00000000eab00000, 0x00000000eb180000, 0x0000000100000000)
  eden space 3584K, 100% used [0x00000000eab00000,0x00000000eae80000,0x00000000eae80000)
  from space 1024K, 62% used [0x00000000eae80000,0x00000000eaf20000,0x00000000eaf80000)
  to   space 1024K, 0% used [0x00000000eb080000,0x00000000eb080000,0x00000000eb180000)
 ParOldGen       total 537600K, used 537327K [0x00000000c0000000, 0x00000000e0d00000, 0x00000000eab00000)
  object space 537600K, 99% used [0x00000000c0000000,0x00000000e0cbbde8,0x00000000e0d00000)
 Metaspace       used 56029K, committed 57344K, reserved 1114112K
  class space    used 5819K, committed 6400K, reserved 1048576K
}
Event: 54.865 GC heap after
{Heap after GC invocations=566 (full 2):
 PSYoungGen      total 4608K, used 849K [0x00000000eab00000, 0x00000000eb180000, 0x0000000100000000)
  eden space 3584K, 0% used [0x00000000eab00000,0x00000000eab00000,0x00000000eae80000)
  from space 1024K, 82% used [0x00000000eb080000,0x00000000eb154728,0x00000000eb180000)
  to   space 1024K, 0% used [0x00000000eae80000,0x00000000eae80000,0x00000000eaf80000)
 ParOldGen       total 538112K, used 537855K [0x00000000c0000000, 0x00000000e0d80000, 0x00000000eab00000)
  object space 538112K, 99% used [0x00000000c0000000,0x00000000e0d3fde8,0x00000000e0d80000)
 Metaspace       used 56029K, committed 57344K, reserved 1114112K
  class space    used 5819K, committed 6400K, reserved 1048576K
}
Event: 54.879 GC heap before
{Heap before GC invocations=567 (full 2):
 PSYoungGen      total 4608K, used 4427K [0x00000000eab00000, 0x00000000eb180000, 0x0000000100000000)
  eden space 3584K, 99% used [0x00000000eab00000,0x00000000eae7e820,0x00000000eae80000)
  from space 1024K, 82% used [0x00000000eb080000,0x00000000eb154728,0x00000000eb180000)
  to   space 1024K, 0% used [0x00000000eae80000,0x00000000eae80000,0x00000000eaf80000)
 ParOldGen       total 538112K, used 537855K [0x00000000c0000000, 0x00000000e0d80000, 0x00000000eab00000)
  object space 538112K, 99% used [0x00000000c0000000,0x00000000e0d3fde8,0x00000000e0d80000)
 Metaspace       used 56029K, committed 57344K, reserved 1114112K
  class space    used 5819K, committed 6400K, reserved 1048576K
}
Event: 54.881 GC heap after
{Heap after GC invocations=567 (full 2):
 PSYoungGen      total 4608K, used 496K [0x00000000eab00000, 0x00000000eb100000, 0x0000000100000000)
  eden space 3584K, 0% used [0x00000000eab00000,0x00000000eab00000,0x00000000eae80000)
  from space 1024K, 48% used [0x00000000eae80000,0x00000000eaefc030,0x00000000eaf80000)
  to   space 1024K, 0% used [0x00000000eb000000,0x00000000eb000000,0x00000000eb100000)
 ParOldGen       total 538624K, used 538231K [0x00000000c0000000, 0x00000000e0e00000, 0x00000000eab00000)
  object space 538624K, 99% used [0x00000000c0000000,0x00000000e0d9dde8,0x00000000e0e00000)
 Metaspace       used 56029K, committed 57344K, reserved 1114112K
  class space    used 5819K, committed 6400K, reserved 1048576K
}
Event: 54.892 GC heap before
{Heap before GC invocations=568 (full 2):
 PSYoungGen      total 4608K, used 4080K [0x00000000eab00000, 0x00000000eb100000, 0x0000000100000000)
  eden space 3584K, 100% used [0x00000000eab00000,0x00000000eae80000,0x00000000eae80000)
  from space 1024K, 48% used [0x00000000eae80000,0x00000000eaefc030,0x00000000eaf80000)
  to   space 1024K, 0% used [0x00000000eb000000,0x00000000eb000000,0x00000000eb100000)
 ParOldGen       total 538624K, used 538231K [0x00000000c0000000, 0x00000000e0e00000, 0x00000000eab00000)
  object space 538624K, 99% used [0x00000000c0000000,0x00000000e0d9dde8,0x00000000e0e00000)
 Metaspace       used 56037K, committed 57344K, reserved 1114112K
  class space    used 5821K, committed 6400K, reserved 1048576K
}
Event: 54.895 GC heap after
{Heap after GC invocations=568 (full 2):
 PSYoungGen      total 4608K, used 791K [0x00000000eab00000, 0x00000000eb100000, 0x0000000100000000)
  eden space 3584K, 0% used [0x00000000eab00000,0x00000000eab00000,0x00000000eae80000)
  from space 1024K, 77% used [0x00000000eb000000,0x00000000eb0c5f00,0x00000000eb100000)
  to   space 1024K, 0% used [0x00000000eae80000,0x00000000eae80000,0x00000000eaf80000)
 ParOldGen       total 539136K, used 538632K [0x00000000c0000000, 0x00000000e0e80000, 0x00000000eab00000)
  object space 539136K, 99% used [0x00000000c0000000,0x00000000e0e021f8,0x00000000e0e80000)
 Metaspace       used 56037K, committed 57344K, reserved 1114112K
  class space    used 5821K, committed 6400K, reserved 1048576K
}
Event: 54.905 GC heap before
{Heap before GC invocations=569 (full 2):
 PSYoungGen      total 4608K, used 4375K [0x00000000eab00000, 0x00000000eb100000, 0x0000000100000000)
  eden space 3584K, 100% used [0x00000000eab00000,0x00000000eae80000,0x00000000eae80000)
  from space 1024K, 77% used [0x00000000eb000000,0x00000000eb0c5f00,0x00000000eb100000)
  to   space 1024K, 0% used [0x00000000eae80000,0x00000000eae80000,0x00000000eaf80000)
 ParOldGen       total 539136K, used 538632K [0x00000000c0000000, 0x00000000e0e80000, 0x00000000eab00000)
  object space 539136K, 99% used [0x00000000c0000000,0x00000000e0e021f8,0x00000000e0e80000)
 Metaspace       used 56054K, committed 57344K, reserved 1114112K
  class space    used 5823K, committed 6400K, reserved 1048576K
}
Event: 54.907 GC heap after
{Heap after GC invocations=569 (full 2):
 PSYoungGen      total 4608K, used 800K [0x00000000eab00000, 0x00000000eb080000, 0x0000000100000000)
  eden space 3584K, 0% used [0x00000000eab00000,0x00000000eab00000,0x00000000eae80000)
  from space 1024K, 78% used [0x00000000eae80000,0x00000000eaf48000,0x00000000eaf80000)
  to   space 1024K, 0% used [0x00000000eaf80000,0x00000000eaf80000,0x00000000eb080000)
 ParOldGen       total 539648K, used 539210K [0x00000000c0000000, 0x00000000e0f00000, 0x00000000eab00000)
  object space 539648K, 99% used [0x00000000c0000000,0x00000000e0e92bc8,0x00000000e0f00000)
 Metaspace       used 56054K, committed 57344K, reserved 1114112K
  class space    used 5823K, committed 6400K, reserved 1048576K
}
Event: 54.915 GC heap before
{Heap before GC invocations=570 (full 2):
 PSYoungGen      total 4608K, used 4384K [0x00000000eab00000, 0x00000000eb080000, 0x0000000100000000)
  eden space 3584K, 100% used [0x00000000eab00000,0x00000000eae80000,0x00000000eae80000)
  from space 1024K, 78% used [0x00000000eae80000,0x00000000eaf48000,0x00000000eaf80000)
  to   space 1024K, 0% used [0x00000000eaf80000,0x00000000eaf80000,0x00000000eb080000)
 ParOldGen       total 539648K, used 539210K [0x00000000c0000000, 0x00000000e0f00000, 0x00000000eab00000)
  object space 539648K, 99% used [0x00000000c0000000,0x00000000e0e92bc8,0x00000000e0f00000)
 Metaspace       used 56085K, committed 57408K, reserved 1114112K
  class space    used 5825K, committed 6400K, reserved 1048576K
}
Event: 54.920 GC heap after
{Heap after GC invocations=570 (full 2):
 PSYoungGen      total 4608K, used 672K [0x00000000eab00000, 0x00000000eb180000, 0x0000000100000000)
  eden space 3584K, 0% used [0x00000000eab00000,0x00000000eab00000,0x00000000eae80000)
  from space 1024K, 65% used [0x00000000eaf80000,0x00000000eb028000,0x00000000eb080000)
  to   space 1024K, 0% used [0x00000000eae80000,0x00000000eae80000,0x00000000eaf80000)
 ParOldGen       total 540160K, used 539874K [0x00000000c0000000, 0x00000000e0f80000, 0x00000000eab00000)
  object space 540160K, 99% used [0x00000000c0000000,0x00000000e0f38bc8,0x00000000e0f80000)
 Metaspace       used 56085K, committed 57408K, reserved 1114112K
  class space    used 5825K, committed 6400K, reserved 1048576K
}
Event: 54.928 GC heap before
{Heap before GC invocations=571 (full 2):
 PSYoungGen      total 4608K, used 4256K [0x00000000eab00000, 0x00000000eb180000, 0x0000000100000000)
  eden space 3584K, 100% used [0x00000000eab00000,0x00000000eae80000,0x00000000eae80000)
  from space 1024K, 65% used [0x00000000eaf80000,0x00000000eb028000,0x00000000eb080000)
  to   space 1024K, 0% used [0x00000000eae80000,0x00000000eae80000,0x00000000eaf80000)
 ParOldGen       total 540160K, used 539874K [0x00000000c0000000, 0x00000000e0f80000, 0x00000000eab00000)
  object space 540160K, 99% used [0x00000000c0000000,0x00000000e0f38be8,0x00000000e0f80000)
 Metaspace       used 56131K, committed 57408K, reserved 1114112K
  class space    used 5832K, committed 6400K, reserved 1048576K
}
Event: 54.930 GC heap after
{Heap after GC invocations=571 (full 2):
 PSYoungGen      total 4608K, used 448K [0x00000000eab00000, 0x00000000eb180000, 0x0000000100000000)
  eden space 3584K, 0% used [0x00000000eab00000,0x00000000eab00000,0x00000000eae80000)
  from space 1024K, 43% used [0x00000000eae80000,0x00000000eaef0000,0x00000000eaf80000)
  to   space 1024K, 0% used [0x00000000eb080000,0x00000000eb080000,0x00000000eb180000)
 ParOldGen       total 540672K, used 540434K [0x00000000c0000000, 0x00000000e1000000, 0x00000000eab00000)
  object space 540672K, 99% used [0x00000000c0000000,0x00000000e0fc48e8,0x00000000e1000000)
 Metaspace       used 56131K, committed 57408K, reserved 1114112K
  class space    used 5832K, committed 6400K, reserved 1048576K
}
Event: 54.937 GC heap before
{Heap before GC invocations=572 (full 2):
 PSYoungGen      total 4608K, used 4032K [0x00000000eab00000, 0x00000000eb180000, 0x0000000100000000)
  eden space 3584K, 100% used [0x00000000eab00000,0x00000000eae80000,0x00000000eae80000)
  from space 1024K, 43% used [0x00000000eae80000,0x00000000eaef0000,0x00000000eaf80000)
  to   space 1024K, 0% used [0x00000000eb080000,0x00000000eb080000,0x00000000eb180000)
 ParOldGen       total 540672K, used 540436K [0x00000000c0000000, 0x00000000e1000000, 0x00000000eab00000)
  object space 540672K, 99% used [0x00000000c0000000,0x00000000e0fc5250,0x00000000e1000000)
 Metaspace       used 56131K, committed 57408K, reserved 1114112K
  class space    used 5832K, committed 6400K, reserved 1048576K
}
Event: 54.939 GC heap after
{Heap after GC invocations=572 (full 2):
 PSYoungGen      total 5632K, used 704K [0x00000000eab00000, 0x00000000eb180000, 0x0000000100000000)
  eden space 4608K, 0% used [0x00000000eab00000,0x00000000eab00000,0x00000000eaf80000)
  from space 1024K, 68% used [0x00000000eb080000,0x00000000eb130000,0x00000000eb180000)
  to   space 1024K, 0% used [0x00000000eaf80000,0x00000000eaf80000,0x00000000eb080000)
 ParOldGen       total 541184K, used 540756K [0x00000000c0000000, 0x00000000e1080000, 0x00000000eab00000)
  object space 541184K, 99% used [0x00000000c0000000,0x00000000e1015250,0x00000000e1080000)
 Metaspace       used 56131K, committed 57408K, reserved 1114112K
  class space    used 5832K, committed 6400K, reserved 1048576K
}

