# JRE version: OpenJDK Runtime Environment Temurin-21.0.7+6 (21.0.7+6) (build 21.0.7+6-LTS)
# Java VM: OpenJDK 64-Bit Server VM Temurin-21.0.7+6 (21.0.7+6-LTS, mixed mode, sharing, tiered, compressed oops, compressed class ptrs, parallel gc, windows-amd64)
GC Precious Log:
 CardTable entry size: 512
 CPUs: 8 total, 8 available
 Memory: 7929M
 Large Page Support: Disabled
 NUMA Support: Disabled
 Compressed Oops: Enabled (32-bit)
 Alignments: Space 512K, Generation 512K, Heap 2M
 Heap Min Capacity: 100M
 Heap Initial Capacity: 100M
 Heap Max Capacity: 1G
 Pre-touch: Disabled
 Parallel Workers: 8
Heap:
 PSYoungGen      total 21504K, used 17264K [0x00000000eab00000, 0x00000000ec200000, 0x0000000100000000)
  eden space 18944K, 89% used [0x00000000eab00000,0x00000000ebb8c140,0x00000000ebd80000)
  from space 2560K, 12% used [0x00000000ebe80000,0x00000000ebed0000,0x00000000ec100000)
  to   space 1024K, 0% used [0x00000000ec100000,0x00000000ec100000,0x00000000ec200000)
 ParOldGen       total 68608K, used 31990K [0x00000000c0000000, 0x00000000c4300000, 0x00000000eab00000)
  object space 68608K, 46% used [0x00000000c0000000,0x00000000c1f3da08,0x00000000c4300000)
 Metaspace       used 43760K, committed 44864K, reserved 1114112K
  class space    used 4339K, committed 4800K, reserved 1048576K
GC Heap History (20 events):
Event: 16.010 GC heap before
{Heap before GC invocations=16 (full 1):
 PSYoungGen      total 24064K, used 23968K [0x00000000eab00000, 0x00000000ec580000, 0x0000000100000000)
  eden space 22016K, 100% used [0x00000000eab00000,0x00000000ec080000,0x00000000ec080000)
  from space 2048K, 95% used [0x00000000ec380000,0x00000000ec568000,0x00000000ec580000)
  to   space 2560K, 0% used [0x00000000ec080000,0x00000000ec080000,0x00000000ec300000)
 ParOldGen       total 68608K, used 22421K [0x00000000c0000000, 0x00000000c4300000, 0x00000000eab00000)
  object space 68608K, 32% used [0x00000000c0000000,0x00000000c15e5520,0x00000000c4300000)
 Metaspace       used 31963K, committed 32896K, reserved 1114112K
  class space    used 3150K, committed 3520K, reserved 1048576K
}
Event: 16.016 GC heap after
{Heap after GC invocations=16 (full 1):
 PSYoungGen      total 24576K, used 2080K [0x00000000eab00000, 0x00000000ec580000, 0x0000000100000000)
  eden space 22016K, 0% used [0x00000000eab00000,0x00000000eab00000,0x00000000ec080000)
  from space 2560K, 81% used [0x00000000ec080000,0x00000000ec288010,0x00000000ec300000)
  to   space 2560K, 0% used [0x00000000ec300000,0x00000000ec300000,0x00000000ec580000)
 ParOldGen       total 68608K, used 24245K [0x00000000c0000000, 0x00000000c4300000, 0x00000000eab00000)
  object space 68608K, 35% used [0x00000000c0000000,0x00000000c17ad520,0x00000000c4300000)
 Metaspace       used 31963K, committed 32896K, reserved 1114112K
  class space    used 3150K, committed 3520K, reserved 1048576K
}
Event: 16.303 GC heap before
{Heap before GC invocations=17 (full 1):
 PSYoungGen      total 24576K, used 24096K [0x00000000eab00000, 0x00000000ec580000, 0x0000000100000000)
  eden space 22016K, 100% used [0x00000000eab00000,0x00000000ec080000,0x00000000ec080000)
  from space 2560K, 81% used [0x00000000ec080000,0x00000000ec288010,0x00000000ec300000)
  to   space 2560K, 0% used [0x00000000ec300000,0x00000000ec300000,0x00000000ec580000)
 ParOldGen       total 68608K, used 24245K [0x00000000c0000000, 0x00000000c4300000, 0x00000000eab00000)
  object space 68608K, 35% used [0x00000000c0000000,0x00000000c17ad520,0x00000000c4300000)
 Metaspace       used 32230K, committed 33152K, reserved 1114112K
  class space    used 3164K, committed 3584K, reserved 1048576K
}
Event: 16.309 GC heap after
{Heap after GC invocations=17 (full 1):
 PSYoungGen      total 21504K, used 2528K [0x00000000eab00000, 0x00000000ecb80000, 0x0000000100000000)
  eden space 18944K, 0% used [0x00000000eab00000,0x00000000eab00000,0x00000000ebd80000)
  from space 2560K, 98% used [0x00000000ec300000,0x00000000ec578070,0x00000000ec580000)
  to   space 5632K, 0% used [0x00000000ebd80000,0x00000000ebd80000,0x00000000ec300000)
 ParOldGen       total 68608K, used 26453K [0x00000000c0000000, 0x00000000c4300000, 0x00000000eab00000)
  object space 68608K, 38% used [0x00000000c0000000,0x00000000c19d5550,0x00000000c4300000)
 Metaspace       used 32230K, committed 33152K, reserved 1114112K
  class space    used 3164K, committed 3584K, reserved 1048576K
}
Event: 16.909 GC heap before
{Heap before GC invocations=18 (full 1):
 PSYoungGen      total 21504K, used 21455K [0x00000000eab00000, 0x00000000ecb80000, 0x0000000100000000)
  eden space 18944K, 99% used [0x00000000eab00000,0x00000000ebd7bc30,0x00000000ebd80000)
  from space 2560K, 98% used [0x00000000ec300000,0x00000000ec578070,0x00000000ec580000)
  to   space 5632K, 0% used [0x00000000ebd80000,0x00000000ebd80000,0x00000000ec300000)
 ParOldGen       total 68608K, used 26453K [0x00000000c0000000, 0x00000000c4300000, 0x00000000eab00000)
  object space 68608K, 38% used [0x00000000c0000000,0x00000000c19d5550,0x00000000c4300000)
 Metaspace       used 34459K, committed 35392K, reserved 1114112K
  class space    used 3399K, committed 3776K, reserved 1048576K
}
Event: 16.915 GC heap after
{Heap after GC invocations=18 (full 1):
 PSYoungGen      total 20480K, used 1172K [0x00000000eab00000, 0x00000000ec380000, 0x0000000100000000)
  eden space 18944K, 0% used [0x00000000eab00000,0x00000000eab00000,0x00000000ebd80000)
  from space 1536K, 76% used [0x00000000ebd80000,0x00000000ebea53c8,0x00000000ebf00000)
  to   space 2560K, 0% used [0x00000000ec100000,0x00000000ec100000,0x00000000ec380000)
 ParOldGen       total 68608K, used 28453K [0x00000000c0000000, 0x00000000c4300000, 0x00000000eab00000)
  object space 68608K, 41% used [0x00000000c0000000,0x00000000c1bc97c0,0x00000000c4300000)
 Metaspace       used 34459K, committed 35392K, reserved 1114112K
  class space    used 3399K, committed 3776K, reserved 1048576K
}
Event: 17.264 GC heap before
{Heap before GC invocations=19 (full 1):
 PSYoungGen      total 20480K, used 13170K [0x00000000eab00000, 0x00000000ec380000, 0x0000000100000000)
  eden space 18944K, 63% used [0x00000000eab00000,0x00000000eb6b77f0,0x00000000ebd80000)
  from space 1536K, 76% used [0x00000000ebd80000,0x00000000ebea53c8,0x00000000ebf00000)
  to   space 2560K, 0% used [0x00000000ec100000,0x00000000ec100000,0x00000000ec380000)
 ParOldGen       total 68608K, used 28453K [0x00000000c0000000, 0x00000000c4300000, 0x00000000eab00000)
  object space 68608K, 41% used [0x00000000c0000000,0x00000000c1bc97c0,0x00000000c4300000)
 Metaspace       used 34863K, committed 35840K, reserved 1114112K
  class space    used 3464K, committed 3904K, reserved 1048576K
}
Event: 17.266 GC heap after
{Heap after GC invocations=19 (full 1):
 PSYoungGen      total 19456K, used 411K [0x00000000eab00000, 0x00000000ec180000, 0x0000000100000000)
  eden space 18944K, 0% used [0x00000000eab00000,0x00000000eab00000,0x00000000ebd80000)
  from space 512K, 80% used [0x00000000ec100000,0x00000000ec166ee8,0x00000000ec180000)
  to   space 1024K, 0% used [0x00000000ebf80000,0x00000000ebf80000,0x00000000ec080000)
 ParOldGen       total 68608K, used 29527K [0x00000000c0000000, 0x00000000c4300000, 0x00000000eab00000)
  object space 68608K, 43% used [0x00000000c0000000,0x00000000c1cd5c08,0x00000000c4300000)
 Metaspace       used 34863K, committed 35840K, reserved 1114112K
  class space    used 3464K, committed 3904K, reserved 1048576K
}
Event: 17.266 GC heap before
{Heap before GC invocations=20 (full 2):
 PSYoungGen      total 19456K, used 411K [0x00000000eab00000, 0x00000000ec180000, 0x0000000100000000)
  eden space 18944K, 0% used [0x00000000eab00000,0x00000000eab00000,0x00000000ebd80000)
  from space 512K, 80% used [0x00000000ec100000,0x00000000ec166ee8,0x00000000ec180000)
  to   space 1024K, 0% used [0x00000000ebf80000,0x00000000ebf80000,0x00000000ec080000)
 ParOldGen       total 68608K, used 29527K [0x00000000c0000000, 0x00000000c4300000, 0x00000000eab00000)
  object space 68608K, 43% used [0x00000000c0000000,0x00000000c1cd5c08,0x00000000c4300000)
 Metaspace       used 34863K, committed 35840K, reserved 1114112K
  class space    used 3464K, committed 3904K, reserved 1048576K
}
Event: 17.349 GC heap after
{Heap after GC invocations=20 (full 2):
 PSYoungGen      total 19456K, used 0K [0x00000000eab00000, 0x00000000ec180000, 0x0000000100000000)
  eden space 18944K, 0% used [0x00000000eab00000,0x00000000eab00000,0x00000000ebd80000)
  from space 512K, 0% used [0x00000000ec100000,0x00000000ec100000,0x00000000ec180000)
  to   space 1024K, 0% used [0x00000000ebf80000,0x00000000ebf80000,0x00000000ec080000)
 ParOldGen       total 68608K, used 28419K [0x00000000c0000000, 0x00000000c4300000, 0x00000000eab00000)
  object space 68608K, 41% used [0x00000000c0000000,0x00000000c1bc0d78,0x00000000c4300000)
 Metaspace       used 34851K, committed 35840K, reserved 1114112K
  class space    used 3461K, committed 3904K, reserved 1048576K
}
Event: 17.796 GC heap before
{Heap before GC invocations=21 (full 2):
 PSYoungGen      total 19456K, used 18943K [0x00000000eab00000, 0x00000000ec180000, 0x0000000100000000)
  eden space 18944K, 99% used [0x00000000eab00000,0x00000000ebd7fff8,0x00000000ebd80000)
  from space 512K, 0% used [0x00000000ec100000,0x00000000ec100000,0x00000000ec180000)
  to   space 1024K, 0% used [0x00000000ebf80000,0x00000000ebf80000,0x00000000ec080000)
 ParOldGen       total 68608K, used 28419K [0x00000000c0000000, 0x00000000c4300000, 0x00000000eab00000)
  object space 68608K, 41% used [0x00000000c0000000,0x00000000c1bc0d78,0x00000000c4300000)
 Metaspace       used 36163K, committed 37184K, reserved 1114112K
  class space    used 3584K, committed 4096K, reserved 1048576K
}
Event: 17.797 GC heap after
{Heap after GC invocations=21 (full 2):
 PSYoungGen      total 19968K, used 576K [0x00000000eab00000, 0x00000000ec180000, 0x0000000100000000)
  eden space 18944K, 0% used [0x00000000eab00000,0x00000000eab00000,0x00000000ebd80000)
  from space 1024K, 56% used [0x00000000ebf80000,0x00000000ec010010,0x00000000ec080000)
  to   space 1024K, 0% used [0x00000000ec080000,0x00000000ec080000,0x00000000ec180000)
 ParOldGen       total 68608K, used 28427K [0x00000000c0000000, 0x00000000c4300000, 0x00000000eab00000)
  object space 68608K, 41% used [0x00000000c0000000,0x00000000c1bc2d78,0x00000000c4300000)
 Metaspace       used 36163K, committed 37184K, reserved 1114112K
  class space    used 3584K, committed 4096K, reserved 1048576K
}
Event: 18.731 GC heap before
{Heap before GC invocations=22 (full 2):
 PSYoungGen      total 19968K, used 19520K [0x00000000eab00000, 0x00000000ec180000, 0x0000000100000000)
  eden space 18944K, 100% used [0x00000000eab00000,0x00000000ebd80000,0x00000000ebd80000)
  from space 1024K, 56% used [0x00000000ebf80000,0x00000000ec010010,0x00000000ec080000)
  to   space 1024K, 0% used [0x00000000ec080000,0x00000000ec080000,0x00000000ec180000)
 ParOldGen       total 68608K, used 28427K [0x00000000c0000000, 0x00000000c4300000, 0x00000000eab00000)
  object space 68608K, 41% used [0x00000000c0000000,0x00000000c1bc2d78,0x00000000c4300000)
 Metaspace       used 38585K, committed 39616K, reserved 1114112K
  class space    used 3808K, committed 4288K, reserved 1048576K
}
Event: 18.734 GC heap after
{Heap after GC invocations=22 (full 2):
 PSYoungGen      total 19968K, used 1024K [0x00000000eab00000, 0x00000000ec180000, 0x0000000100000000)
  eden space 18944K, 0% used [0x00000000eab00000,0x00000000eab00000,0x00000000ebd80000)
  from space 1024K, 100% used [0x00000000ec080000,0x00000000ec180000,0x00000000ec180000)
  to   space 2048K, 0% used [0x00000000ebd80000,0x00000000ebd80000,0x00000000ebf80000)
 ParOldGen       total 68608K, used 28803K [0x00000000c0000000, 0x00000000c4300000, 0x00000000eab00000)
  object space 68608K, 41% used [0x00000000c0000000,0x00000000c1c20d78,0x00000000c4300000)
 Metaspace       used 38585K, committed 39616K, reserved 1114112K
  class space    used 3808K, committed 4288K, reserved 1048576K
}
Event: 19.174 GC heap before
{Heap before GC invocations=23 (full 2):
 PSYoungGen      total 19968K, used 19968K [0x00000000eab00000, 0x00000000ec180000, 0x0000000100000000)
  eden space 18944K, 100% used [0x00000000eab00000,0x00000000ebd80000,0x00000000ebd80000)
  from space 1024K, 100% used [0x00000000ec080000,0x00000000ec180000,0x00000000ec180000)
  to   space 2048K, 0% used [0x00000000ebd80000,0x00000000ebd80000,0x00000000ebf80000)
 ParOldGen       total 68608K, used 28803K [0x00000000c0000000, 0x00000000c4300000, 0x00000000eab00000)
  object space 68608K, 41% used [0x00000000c0000000,0x00000000c1c20d78,0x00000000c4300000)
 Metaspace       used 39780K, committed 40832K, reserved 1114112K
  class space    used 3940K, committed 4416K, reserved 1048576K
}
Event: 19.178 GC heap after
{Heap after GC invocations=23 (full 2):
 PSYoungGen      total 20992K, used 2022K [0x00000000eab00000, 0x00000000ec580000, 0x0000000100000000)
  eden space 18944K, 0% used [0x00000000eab00000,0x00000000eab00000,0x00000000ebd80000)
  from space 2048K, 98% used [0x00000000ebd80000,0x00000000ebf79950,0x00000000ebf80000)
  to   space 4096K, 0% used [0x00000000ec180000,0x00000000ec180000,0x00000000ec580000)
 ParOldGen       total 68608K, used 30212K [0x00000000c0000000, 0x00000000c4300000, 0x00000000eab00000)
  object space 68608K, 44% used [0x00000000c0000000,0x00000000c1d81338,0x00000000c4300000)
 Metaspace       used 39780K, committed 40832K, reserved 1114112K
  class space    used 3940K, committed 4416K, reserved 1048576K
}
Event: 19.286 GC heap before
{Heap before GC invocations=24 (full 2):
 PSYoungGen      total 20992K, used 20786K [0x00000000eab00000, 0x00000000ec580000, 0x0000000100000000)
  eden space 18944K, 99% used [0x00000000eab00000,0x00000000ebd530f8,0x00000000ebd80000)
  from space 2048K, 98% used [0x00000000ebd80000,0x00000000ebf79950,0x00000000ebf80000)
  to   space 4096K, 0% used [0x00000000ec180000,0x00000000ec180000,0x00000000ec580000)
 ParOldGen       total 68608K, used 30212K [0x00000000c0000000, 0x00000000c4300000, 0x00000000eab00000)
  object space 68608K, 44% used [0x00000000c0000000,0x00000000c1d81338,0x00000000c4300000)
 Metaspace       used 39947K, committed 41024K, reserved 1114112K
  class space    used 3946K, committed 4416K, reserved 1048576K
}
Event: 19.289 GC heap after
{Heap after GC invocations=24 (full 2):
 PSYoungGen      total 20992K, used 1971K [0x00000000eab00000, 0x00000000ec380000, 0x0000000100000000)
  eden space 18944K, 0% used [0x00000000eab00000,0x00000000eab00000,0x00000000ebd80000)
  from space 2048K, 96% used [0x00000000ec180000,0x00000000ec36ccd0,0x00000000ec380000)
  to   space 2560K, 0% used [0x00000000ebe80000,0x00000000ebe80000,0x00000000ec100000)
 ParOldGen       total 68608K, used 31606K [0x00000000c0000000, 0x00000000c4300000, 0x00000000eab00000)
  object space 68608K, 46% used [0x00000000c0000000,0x00000000c1edda08,0x00000000c4300000)
 Metaspace       used 39947K, committed 41024K, reserved 1114112K
  class space    used 3946K, committed 4416K, reserved 1048576K
}
Event: 19.740 GC heap before
{Heap before GC invocations=25 (full 2):
 PSYoungGen      total 20992K, used 20915K [0x00000000eab00000, 0x00000000ec380000, 0x0000000100000000)
  eden space 18944K, 100% used [0x00000000eab00000,0x00000000ebd80000,0x00000000ebd80000)
  from space 2048K, 96% used [0x00000000ec180000,0x00000000ec36ccd0,0x00000000ec380000)
  to   space 2560K, 0% used [0x00000000ebe80000,0x00000000ebe80000,0x00000000ec100000)
 ParOldGen       total 68608K, used 31606K [0x00000000c0000000, 0x00000000c4300000, 0x00000000eab00000)
  object space 68608K, 46% used [0x00000000c0000000,0x00000000c1edda08,0x00000000c4300000)
 Metaspace       used 41475K, committed 42496K, reserved 1114112K
  class space    used 4071K, committed 4544K, reserved 1048576K
}
Event: 19.742 GC heap after
{Heap after GC invocations=25 (full 2):
 PSYoungGen      total 21504K, used 320K [0x00000000eab00000, 0x00000000ec200000, 0x0000000100000000)
  eden space 18944K, 0% used [0x00000000eab00000,0x00000000eab00000,0x00000000ebd80000)
  from space 2560K, 12% used [0x00000000ebe80000,0x00000000ebed0000,0x00000000ec100000)
  to   space 1024K, 0% used [0x00000000ec100000,0x00000000ec100000,0x00000000ec200000)
 ParOldGen       total 68608K, used 31990K [0x00000000c0000000, 0x00000000c4300000, 0x00000000eab00000)
  object space 68608K, 46% used [0x00000000c0000000,0x00000000c1f3da08,0x00000000c4300000)
 Metaspace       used 41475K, committed 42496K, reserved 1114112K
  class space    used 4071K, committed 4544K, reserved 1048576K
}

